Message
You have chosen to subscribe to the topic arn:aws:sns:ap-southeast-1:797962984373:bpt_01953337616.
To confirm the subscription, visit the SubscribeURL included in this message.
MessageId
3e17f6ae-d544-45e2-b109-665bd1679597
SubscribeURL
https://sns.ap-southeast-1.amazonaws.com/?Action=ConfirmSubscription&TopicArn=arn:aws:sns:ap-southeast-1:797962984373:bpt_01953337616&Token=2336412f37fb687f5d51e6e2425c464dec3a5655198452f898c6f7d7e7ace13e85580a2c202fa2b1533a6a47b182446002c65598805ee2c0074105e93cd3c2e6e090b9ec6bf7a59d7e2de19f9a2a447adcbcd33755d3d1541cd600e18d8017e857e4ee2811042aee6155c8563c715f4caf8a4c588ad836edf0c6fefa358431b9
Timestamp
2023-09-26T04:14:26.870Z
Token
2336412f37fb687f5d51e6e2425c464dec3a5655198452f898c6f7d7e7ace13e85580a2c202fa2b1533a6a47b182446002c65598805ee2c0074105e93cd3c2e6e090b9ec6bf7a59d7e2de19f9a2a447adcbcd33755d3d1541cd600e18d8017e857e4ee2811042aee6155c8563c715f4caf8a4c588ad836edf0c6fefa358431b9
TopicArn
arn:aws:sns:ap-southeast-1:797962984373:bpt_01953337616
Type
SubscriptionConfirmation

Message
You have chosen to subscribe to the topic arn:aws:sns:ap-southeast-1:797962984373:bpt_01953337616.
To confirm the subscription, visit the SubscribeURL included in this message.
MessageId
3e17f6ae-d544-45e2-b109-665bd1679597
SubscribeURL
https://sns.ap-southeast-1.amazonaws.com/?Action=ConfirmSubscription&TopicArn=arn:aws:sns:ap-southeast-1:797962984373:bpt_01953337616&Token=2336412f37fb687f5d51e6e2425c464dec3a5655198452f898c6f7d7e7ace13e85580a2c202fa2b1533a6a47b182446002c65598805ee2c0074105e93cd3c2e6e090b9ec6bf7a59d7e2de19f9a2a447adcbcd33755d3d1541cd600e18d8017e857e4ee2811042aee6155c8563c715f4caf8a4c588ad836edf0c6fefa358431b9
Timestamp
2023-09-26T04:14:26.870Z
Token
2336412f37fb687f5d51e6e2425c464dec3a5655198452f898c6f7d7e7ace13e85580a2c202fa2b1533a6a47b182446002c65598805ee2c0074105e93cd3c2e6e090b9ec6bf7a59d7e2de19f9a2a447adcbcd33755d3d1541cd600e18d8017e857e4ee2811042aee6155c8563c715f4caf8a4c588ad836edf0c6fefa358431b9
TopicArn
arn:aws:sns:ap-southeast-1:797962984373:bpt_01953337616
Type
SubscriptionConfirmation

Message
You have chosen to subscribe to the topic arn:aws:sns:ap-southeast-1:797962984373:bpt_01953337616.
To confirm the subscription, visit the SubscribeURL included in this message.
MessageId
3e17f6ae-d544-45e2-b109-665bd1679597
SubscribeURL
https://sns.ap-southeast-1.amazonaws.com/?Action=ConfirmSubscription&TopicArn=arn:aws:sns:ap-southeast-1:797962984373:bpt_01953337616&Token=2336412f37fb687f5d51e6e2425c464dec3a5655198452f898c6f7d7e7ace13e85580a2c202fa2b1533a6a47b182446002c65598805ee2c0074105e93cd3c2e6e090b9ec6bf7a59d7e2de19f9a2a447adcbcd33755d3d1541cd600e18d8017e857e4ee2811042aee6155c8563c715f4caf8a4c588ad836edf0c6fefa358431b9
Timestamp
2023-09-26T04:14:26.870Z
Token
2336412f37fb687f5d51e6e2425c464dec3a5655198452f898c6f7d7e7ace13e85580a2c202fa2b1533a6a47b182446002c65598805ee2c0074105e93cd3c2e6e090b9ec6bf7a59d7e2de19f9a2a447adcbcd33755d3d1541cd600e18d8017e857e4ee2811042aee6155c8563c715f4caf8a4c588ad836edf0c6fefa358431b9
TopicArn
arn:aws:sns:ap-southeast-1:797962984373:bpt_01953337616
Type
SubscriptionConfirmation

